<testsuite name="CDO AllTests" tests="1" errors="0" failures="0" ignored="0">
	<testcase name="noTestHasBeenExecuted" classname="org.eclipse.emf.cdo.tests.NoTest" time="0.00"/>
</testsuite>
